# Logfile created on 2026-04-04 12:57:16 -0700 by logger.rb/v1.6.0
*** HIGH PRIORITY ***  New Stonevell Lead
─────────────────────────────────────
ID:       c02905d0-2aa0-4468-b925-06bfbe48304d
Name:     Test User
Email:    test@example.com
Phone:    775-555-0101
Service:  AI AUTOMATION
Score:    70 / 100
Message:  We need to automate our entire lead pipeline ASAP.
Received: 2026-04-04T12:57:16-07:00
─────────────────────────────────────

*** HIGH PRIORITY ***  New Stonevell Lead
─────────────────────────────────────
ID:       3ba2ec58-0132-41eb-ba78-4eb064fb9420
Name:     Maria Reyes
Email:    maria@renolaw.com
Phone:    775-900-2211
Service:  CYBERSECURITY
Score:    85 / 100
Message:  We had a breach last month and need a full security audit done soon.
Received: 2026-04-04T13:01:28-07:00
─────────────────────────────────────

[WARN] Rejected — email="not-an-email"  errors=name is required, email format is invalid
*** HIGH PRIORITY ***  New Stonevell Lead
─────────────────────────────────────
ID:       a57e22a4-f42b-40aa-a3fc-125296bcc0ad
Name:     Mike Test
Email:    mike@stonevell.com
Phone:    775-484-3804
Service:  AI AUTOMATION
Score:    80 / 100
Message:  Testing the Valhalla email notification system end to end.
Received: 2026-04-04T13:57:03-07:00
─────────────────────────────────────

*** HIGH PRIORITY ***  New Stonevell Lead
─────────────────────────────────────
ID:       171074e4-de42-478b-a2e4-6b66b64dbb17
Name:     Mike Stonevell
Email:    mike@stonevell.com
Phone:    775-484-3804
Service:  AI AUTOMATION
Score:    80 / 100
Message:  Full end-to-end test with verified domain sending from valhalla@stonevell.com.
Received: 2026-04-04T14:18:34-07:00
─────────────────────────────────────

*** HIGH PRIORITY ***  New Stonevell Lead
─────────────────────────────────────
ID:       10d49ff8-50ec-4645-8585-488b850e0acb
Name:     Mike Stonevell
Email:    mike@stonevell.com
Phone:    775-484-3804
Service:  AI AUTOMATION
Score:    80 / 100
Message:  Live test - email should arrive at mike@stonevell.com from valhalla@stonevell.com.
Received: 2026-04-04T14:36:35-07:00
─────────────────────────────────────

Email sent → 200 OK
